<?xml version="1.0" encoding="UTF-8"?>
<!-- Generated by org.testng.reporters.JUnitReportReporter -->
<testsuite hostname="VIPIN" failures="0" tests="1" name="C" time="0.011" errors="0" timestamp="2021-11-12T22:27:49 IST" skipped="0">
  <testcase classname="C" name="vtest" time="0.011"/>
  <system-out/>
</testsuite> <!-- C -->
