<?xml version="1.0" encoding="UTF-8"?>
<!-- Generated by org.testng.reporters.JUnitReportReporter -->
<testsuite hostname="VIPIN" failures="0" tests="1" name="com.tutorialPoint.TC.TC_01" time="78.982" errors="0" timestamp="2021-11-13T01:12:59 IST" skipped="0">
  <testcase classname="com.tutorialPoint.TC.TC_01" name="validatOptionTest" time="78.982"/>
  <system-out/>
</testsuite> <!-- com.tutorialPoint.TC.TC_01 -->
